<?xml version="1.0" encoding="UTF-8"?>
<!-- Generated by org.testng.reporters.JUnitReportReporter -->
<testsuite skipped="0" hostname="PMUFTWIN101" name="package2.Class3" tests="3" failures="0" timestamp="20 Nov 2018 07:06:38 GMT" time="0.402" errors="0">
  <testcase name="method3_in_Class3_in_package2" time="0.138" classname="package2.Class3"/>
  <testcase name="method2_in_Class3_in_package2" time="0.137" classname="package2.Class3"/>
  <testcase name="method1_in_Class3_in_package2" time="0.127" classname="package2.Class3"/>
</testsuite> <!-- package2.Class3 -->
