<?xml version="1.0" encoding="UTF-8"?>
<!-- Generated by org.testng.reporters.JUnitReportReporter -->
<testsuite skipped="0" hostname="PMUFTWIN101" name="package2.Class2" tests="3" failures="0" timestamp="20 Nov 2018 07:06:38 GMT" time="0.435" errors="0">
  <testcase name="method2_in_Class2_in_package2" time="0.152" classname="package2.Class2"/>
  <testcase name="method1_in_Class2_in_package2" time="0.153" classname="package2.Class2"/>
  <testcase name="method3_in_Class2_in_package2" time="0.130" classname="package2.Class2"/>
</testsuite> <!-- package2.Class2 -->
