<?xml version="1.0" encoding="UTF-8"?>
<!-- Generated by org.testng.reporters.JUnitReportReporter -->
<testsuite skipped="0" hostname="PMUFTWIN101" name="package3.Class3" tests="3" failures="0" timestamp="01 Nov 2018 08:39:40 GMT" time="0.049" errors="0">
  <testcase name="method3_in_Class3_in_package3" time="0.024" classname="package3.Class3"/>
  <testcase name="method2_in_Class3_in_package3" time="0.010" classname="package3.Class3"/>
  <testcase name="method1_in_Class3_in_package3" time="0.015" classname="package3.Class3"/>
</testsuite> <!-- package3.Class3 -->
