<?xml version="1.0" encoding="UTF-8"?>
<!-- Generated by org.testng.reporters.JUnitReportReporter -->
<testsuite skipped="0" hostname="PMUFTWIN101" name="org.rupesh.demo.testngWithExtentReports.Class2" tests="3" failures="0" timestamp="31 Oct 2018 09:35:57 GMT" time="0.032" errors="0">
  <testcase name="method3_in_Class2" time="0.018" classname="org.rupesh.demo.testngWithExtentReports.Class2"/>
  <testcase name="method2_in_Class2" time="0.006" classname="org.rupesh.demo.testngWithExtentReports.Class2"/>
  <testcase name="method1_in_Class2" time="0.008" classname="org.rupesh.demo.testngWithExtentReports.Class2"/>
</testsuite> <!-- org.rupesh.demo.testngWithExtentReports.Class2 -->
