<?xml version="1.0" encoding="UTF-8"?>
<!-- Generated by org.testng.reporters.JUnitReportReporter -->
<testsuite skipped="0" hostname="PMUFTWIN101" name="package5.Class3" tests="3" failures="0" timestamp="01 Nov 2018 12:05:22 GMT" time="0.047" errors="0">
  <testcase name="method3_in_Class3_in_package5" time="0.000" classname="package5.Class3"/>
  <testcase name="method2_in_Class3_in_package5" time="0.047" classname="package5.Class3"/>
  <testcase name="method1_in_Class3_in_package5" time="0.000" classname="package5.Class3"/>
</testsuite> <!-- package5.Class3 -->
