<?xml version="1.0" encoding="UTF-8"?>
<!-- Generated by org.testng.reporters.JUnitReportReporter -->
<testsuite skipped="0" hostname="PMUFTWIN101" name="package4.Class2" tests="3" failures="0" timestamp="01 Nov 2018 10:22:07 GMT" time="0.062" errors="0">
  <testcase name="method2_in_Class2_in_package4" time="0.015" classname="package4.Class2"/>
  <testcase name="method1_in_Class2_in_package4" time="0.016" classname="package4.Class2"/>
  <testcase name="method3_in_Class2_in_package4" time="0.031" classname="package4.Class2"/>
</testsuite> <!-- package4.Class2 -->
