<?xml version="1.0" encoding="UTF-8"?>
<!-- Generated by org.testng.reporters.JUnitReportReporter -->
<testsuite skipped="0" hostname="PMUFTWIN101" name="package1.Class1" tests="3" failures="0" timestamp="01 Nov 2018 08:37:26 GMT" time="0.021" errors="0">
  <testcase name="method1_in_Class1_in_package1" time="0.012" classname="package1.Class1"/>
  <testcase name="method2_in_Class1_in_package1" time="0.007" classname="package1.Class1"/>
  <testcase name="method3_in_Class1_in_package1" time="0.002" classname="package1.Class1"/>
</testsuite> <!-- package1.Class1 -->
