<?xml version="1.0" encoding="UTF-8"?>
<!-- Generated by org.testng.reporters.JUnitReportReporter -->
<testsuite skipped="0" hostname="PMUFTWIN101" name="org.rupesh.demo.testngWithExtentReports.Class1" tests="3" failures="0" timestamp="31 Oct 2018 09:35:58 GMT" time="0.034" errors="0">
  <testcase name="method1_in_Class1" time="0.018" classname="org.rupesh.demo.testngWithExtentReports.Class1"/>
  <testcase name="method3_in_Class1" time="0.006" classname="org.rupesh.demo.testngWithExtentReports.Class1"/>
  <testcase name="method2_in_Class1" time="0.010" classname="org.rupesh.demo.testngWithExtentReports.Class1"/>
</testsuite> <!-- org.rupesh.demo.testngWithExtentReports.Class1 -->
