<?xml version="1.0" encoding="UTF-8"?>
<!-- Generated by org.testng.reporters.JUnitReportReporter -->
<testsuite skipped="0" hostname="PMUFTWIN101" name="org.rupesh.demo.testngWithExtentReports.Class3" tests="3" failures="0" timestamp="31 Oct 2018 09:35:58 GMT" time="0.014" errors="0">
  <testcase name="method3_in_Class3" time="0.002" classname="org.rupesh.demo.testngWithExtentReports.Class3"/>
  <testcase name="method1_in_Class3" time="0.007" classname="org.rupesh.demo.testngWithExtentReports.Class3"/>
  <testcase name="method2_in_Class3" time="0.005" classname="org.rupesh.demo.testngWithExtentReports.Class3"/>
</testsuite> <!-- org.rupesh.demo.testngWithExtentReports.Class3 -->
