<?xml version="1.0" encoding="UTF-8"?>
<!-- Generated by org.testng.reporters.JUnitReportReporter -->
<testsuite skipped="0" hostname="PMUFTWIN101" name="package5.Class2" tests="3" failures="0" timestamp="01 Nov 2018 12:05:22 GMT" time="0.016" errors="0">
  <testcase name="method2_in_Class2_in_package5" time="0.016" classname="package5.Class2"/>
  <testcase name="method1_in_Class2_in_package5" time="0.000" classname="package5.Class2"/>
  <testcase name="method3_in_Class2_in_package5" time="0.000" classname="package5.Class2"/>
</testsuite> <!-- package5.Class2 -->
